Epoch 0:
|-----------|------|-------|-----------|-------|----------|--------|-------|--------|-------|-------|
|  Dataset  | Task | maxFm | wFmeasure |  MAE  | Smeasure | meanEm | maxEm | meanFm | adpEm | adpFm |
|-----------|------|-------|-----------|-------|----------|--------|-------|--------|-------|-------|
| TE-COD10K | COD  | 0.742 |   0.666   | 0.038 |  0.805   | 0.854  | 0.896 | 0.715  | 0.879 | 0.698 |
|-----------|------|-------|-----------|-------|----------|--------|-------|--------|-------|-------|

Epoch 1:
|-----------|------|-------|-----------|-------|----------|--------|-------|--------|-------|-------|
|  Dataset  | Task | maxFm | wFmeasure |  MAE  | Smeasure | meanEm | maxEm | meanFm | adpEm | adpFm |
|-----------|------|-------|-----------|-------|----------|--------|-------|--------|-------|-------|
| TE-COD10K | COD  | 0.771 |   0.707   | 0.032 |  0.836   | 0.889  | 0.909 | 0.739  | 0.877 | 0.702 |
|-----------|------|-------|-----------|-------|----------|--------|-------|--------|-------|-------|

Epoch 2:
|-----------|------|-------|-----------|-------|----------|--------|-------|--------|-------|-------|
|  Dataset  | Task | maxFm | wFmeasure |  MAE  | Smeasure | meanEm | maxEm | meanFm | adpEm | adpFm |
|-----------|------|-------|-----------|-------|----------|--------|-------|--------|-------|-------|
| TE-COD10K | COD  | 0.773 |   0.718   | 0.031 |  0.834   | 0.888  | 0.906 | 0.756  | 0.897 | 0.738 |
|-----------|------|-------|-----------|-------|----------|--------|-------|--------|-------|-------|

Epoch 3:
|-----------|------|-------|-----------|-------|----------|--------|-------|--------|-------|-------|
|  Dataset  | Task | maxFm | wFmeasure |  MAE  | Smeasure | meanEm | maxEm | meanFm | adpEm | adpFm |
|-----------|------|-------|-----------|-------|----------|--------|-------|--------|-------|-------|
| TE-COD10K | COD  | 0.772 |   0.717   | 0.032 |  0.837   | 0.888  |  0.9  | 0.747  | 0.886 | 0.722 |
|-----------|------|-------|-----------|-------|----------|--------|-------|--------|-------|-------|

Epoch 4:
|-----------|------|-------|-----------|-------|----------|--------|-------|--------|-------|-------|
|  Dataset  | Task | maxFm | wFmeasure |  MAE  | Smeasure | meanEm | maxEm | meanFm | adpEm | adpFm |
|-----------|------|-------|-----------|-------|----------|--------|-------|--------|-------|-------|
| TE-COD10K | COD  |  0.74 |   0.674   | 0.038 |   0.81   | 0.861  | 0.888 | 0.718  | 0.874 | 0.702 |
|-----------|------|-------|-----------|-------|----------|--------|-------|--------|-------|-------|

Epoch 5:
|-----------|------|-------|-----------|-------|----------|--------|-------|--------|-------|-------|
|  Dataset  | Task | maxFm | wFmeasure |  MAE  | Smeasure | meanEm | maxEm | meanFm | adpEm | adpFm |
|-----------|------|-------|-----------|-------|----------|--------|-------|--------|-------|-------|
| TE-COD10K | COD  | 0.746 |   0.689   | 0.036 |  0.814   | 0.869  | 0.889 | 0.731  | 0.885 |  0.72 |
|-----------|------|-------|-----------|-------|----------|--------|-------|--------|-------|-------|

Epoch 6:
|-----------|------|-------|-----------|-------|----------|--------|-------|--------|-------|-------|
|  Dataset  | Task | maxFm | wFmeasure |  MAE  | Smeasure | meanEm | maxEm | meanFm | adpEm | adpFm |
|-----------|------|-------|-----------|-------|----------|--------|-------|--------|-------|-------|
| TE-COD10K | COD  | 0.743 |    0.69   | 0.036 |  0.815   | 0.866  | 0.882 | 0.728  | 0.879 | 0.715 |
|-----------|------|-------|-----------|-------|----------|--------|-------|--------|-------|-------|

Epoch 7:
|-----------|------|-------|-----------|-------|----------|--------|-------|--------|-------|-------|
|  Dataset  | Task | maxFm | wFmeasure |  MAE  | Smeasure | meanEm | maxEm | meanFm | adpEm | adpFm |
|-----------|------|-------|-----------|-------|----------|--------|-------|--------|-------|-------|
| TE-COD10K | COD  | 0.746 |   0.693   | 0.036 |  0.815   | 0.866  | 0.884 | 0.733  | 0.882 | 0.723 |
|-----------|------|-------|-----------|-------|----------|--------|-------|--------|-------|-------|

Epoch 8:
|-----------|------|-------|-----------|-------|----------|--------|-------|--------|-------|-------|
|  Dataset  | Task | maxFm | wFmeasure |  MAE  | Smeasure | meanEm | maxEm | meanFm | adpEm | adpFm |
|-----------|------|-------|-----------|-------|----------|--------|-------|--------|-------|-------|
| TE-COD10K | COD  | 0.757 |   0.706   | 0.034 |  0.821   | 0.878  | 0.892 | 0.746  |  0.89 | 0.737 |
|-----------|------|-------|-----------|-------|----------|--------|-------|--------|-------|-------|

Epoch 9:
|-----------|------|-------|-----------|-------|----------|--------|-------|--------|-------|-------|
|  Dataset  | Task | maxFm | wFmeasure |  MAE  | Smeasure | meanEm | maxEm | meanFm | adpEm | adpFm |
|-----------|------|-------|-----------|-------|----------|--------|-------|--------|-------|-------|
| TE-COD10K | COD  | 0.755 |   0.704   | 0.035 |   0.82   | 0.876  | 0.888 | 0.742  | 0.886 | 0.731 |
|-----------|------|-------|-----------|-------|----------|--------|-------|--------|-------|-------|

Epoch 10:
|-----------|------|-------|-----------|-------|----------|--------|-------|--------|-------|-------|
|  Dataset  | Task | maxFm | wFmeasure |  MAE  | Smeasure | meanEm | maxEm | meanFm | adpEm | adpFm |
|-----------|------|-------|-----------|-------|----------|--------|-------|--------|-------|-------|
| TE-COD10K | COD  | 0.696 |   0.628   | 0.046 |  0.789   |  0.84  | 0.858 | 0.674  |  0.84 | 0.657 |
|-----------|------|-------|-----------|-------|----------|--------|-------|--------|-------|-------|

Epoch 11:
|-----------|------|-------|-----------|-------|----------|--------|-------|--------|-------|-------|
|  Dataset  | Task | maxFm | wFmeasure |  MAE  | Smeasure | meanEm | maxEm | meanFm | adpEm | adpFm |
|-----------|------|-------|-----------|-------|----------|--------|-------|--------|-------|-------|
| TE-COD10K | COD  | 0.731 |   0.677   | 0.037 |  0.806   | 0.859  | 0.874 | 0.719  | 0.872 |  0.71 |
|-----------|------|-------|-----------|-------|----------|--------|-------|--------|-------|-------|

Epoch 12:
|-----------|------|-------|-----------|-------|----------|--------|-------|--------|-------|-------|
|  Dataset  | Task | maxFm | wFmeasure |  MAE  | Smeasure | meanEm | maxEm | meanFm | adpEm | adpFm |
|-----------|------|-------|-----------|-------|----------|--------|-------|--------|-------|-------|
| TE-COD10K | COD  | 0.735 |   0.682   | 0.037 |  0.809   | 0.864  | 0.876 | 0.723  | 0.874 | 0.714 |
|-----------|------|-------|-----------|-------|----------|--------|-------|--------|-------|-------|

Epoch 13:
|-----------|------|-------|-----------|-------|----------|--------|-------|--------|-------|-------|
|  Dataset  | Task | maxFm | wFmeasure |  MAE  | Smeasure | meanEm | maxEm | meanFm | adpEm | adpFm |
|-----------|------|-------|-----------|-------|----------|--------|-------|--------|-------|-------|
| TE-COD10K | COD  | 0.724 |   0.668   | 0.039 |  0.802   | 0.865  | 0.878 | 0.711  | 0.872 |  0.7  |
|-----------|------|-------|-----------|-------|----------|--------|-------|--------|-------|-------|

Epoch 14:
|-----------|------|-------|-----------|-------|----------|--------|-------|--------|-------|-------|
|  Dataset  | Task | maxFm | wFmeasure |  MAE  | Smeasure | meanEm | maxEm | meanFm | adpEm | adpFm |
|-----------|------|-------|-----------|-------|----------|--------|-------|--------|-------|-------|
| TE-COD10K | COD  | 0.727 |   0.674   | 0.038 |  0.805   | 0.868  | 0.878 | 0.714  | 0.873 | 0.703 |
|-----------|------|-------|-----------|-------|----------|--------|-------|--------|-------|-------|

Epoch 15:
|-----------|------|-------|-----------|-------|----------|--------|-------|--------|-------|-------|
|  Dataset  | Task | maxFm | wFmeasure |  MAE  | Smeasure | meanEm | maxEm | meanFm | adpEm | adpFm |
|-----------|------|-------|-----------|-------|----------|--------|-------|--------|-------|-------|
| TE-COD10K | COD  | 0.738 |   0.681   | 0.037 |  0.814   | 0.868  | 0.884 | 0.722  | 0.875 | 0.709 |
|-----------|------|-------|-----------|-------|----------|--------|-------|--------|-------|-------|

Epoch 16:
|-----------|------|-------|-----------|-------|----------|--------|-------|--------|-------|-------|
|  Dataset  | Task | maxFm | wFmeasure |  MAE  | Smeasure | meanEm | maxEm | meanFm | adpEm | adpFm |
|-----------|------|-------|-----------|-------|----------|--------|-------|--------|-------|-------|
| TE-COD10K | COD  | 0.746 |   0.689   | 0.036 |  0.814   | 0.866  | 0.888 | 0.732  | 0.885 | 0.725 |
|-----------|------|-------|-----------|-------|----------|--------|-------|--------|-------|-------|

Epoch 17:
|-----------|------|-------|-----------|-------|----------|--------|-------|--------|-------|-------|
|  Dataset  | Task | maxFm | wFmeasure |  MAE  | Smeasure | meanEm | maxEm | meanFm | adpEm | adpFm |
|-----------|------|-------|-----------|-------|----------|--------|-------|--------|-------|-------|
| TE-COD10K | COD  | 0.759 |   0.703   | 0.035 |  0.824   | 0.879  | 0.899 | 0.745  | 0.888 | 0.734 |
|-----------|------|-------|-----------|-------|----------|--------|-------|--------|-------|-------|

Epoch 18:
|-----------|------|-------|-----------|-------|----------|--------|-------|--------|-------|-------|
|  Dataset  | Task | maxFm | wFmeasure |  MAE  | Smeasure | meanEm | maxEm | meanFm | adpEm | adpFm |
|-----------|------|-------|-----------|-------|----------|--------|-------|--------|-------|-------|
| TE-COD10K | COD  | 0.643 |   0.562   | 0.053 |  0.749   | 0.799  |  0.84 | 0.617  | 0.822 |  0.61 |
|-----------|------|-------|-----------|-------|----------|--------|-------|--------|-------|-------|

Epoch 19:
|-----------|------|-------|-----------|-------|----------|--------|-------|--------|-------|-------|
|  Dataset  | Task | maxFm | wFmeasure |  MAE  | Smeasure | meanEm | maxEm | meanFm | adpEm | adpFm |
|-----------|------|-------|-----------|-------|----------|--------|-------|--------|-------|-------|
| TE-COD10K | COD  |  0.75 |   0.675   | 0.039 |  0.802   | 0.846  | 0.891 | 0.727  | 0.888 | 0.739 |
|-----------|------|-------|-----------|-------|----------|--------|-------|--------|-------|-------|

Epoch 20:
|-----------|------|-------|-----------|-------|----------|--------|-------|--------|-------|-------|
|  Dataset  | Task | maxFm | wFmeasure |  MAE  | Smeasure | meanEm | maxEm | meanFm | adpEm | adpFm |
|-----------|------|-------|-----------|-------|----------|--------|-------|--------|-------|-------|
| TE-COD10K | COD  | 0.756 |   0.692   | 0.037 |  0.816   | 0.866  | 0.892 | 0.739  | 0.888 | 0.738 |
|-----------|------|-------|-----------|-------|----------|--------|-------|--------|-------|-------|

Epoch 21:
|-----------|------|-------|-----------|-------|----------|--------|-------|--------|-------|-------|
|  Dataset  | Task | maxFm | wFmeasure |  MAE  | Smeasure | meanEm | maxEm | meanFm | adpEm | adpFm |
|-----------|------|-------|-----------|-------|----------|--------|-------|--------|-------|-------|
| TE-COD10K | COD  | 0.757 |   0.694   | 0.037 |  0.815   | 0.865  |  0.89 | 0.741  | 0.889 |  0.74 |
|-----------|------|-------|-----------|-------|----------|--------|-------|--------|-------|-------|

Epoch 22:
|-----------|------|-------|-----------|-------|----------|--------|-------|--------|-------|-------|
|  Dataset  | Task | maxFm | wFmeasure |  MAE  | Smeasure | meanEm | maxEm | meanFm | adpEm | adpFm |
|-----------|------|-------|-----------|-------|----------|--------|-------|--------|-------|-------|
| TE-COD10K | COD  |  0.76 |   0.704   | 0.036 |  0.824   | 0.883  | 0.896 | 0.745  | 0.887 | 0.731 |
|-----------|------|-------|-----------|-------|----------|--------|-------|--------|-------|-------|

Epoch 23:
|-----------|------|-------|-----------|-------|----------|--------|-------|--------|-------|-------|
|  Dataset  | Task | maxFm | wFmeasure |  MAE  | Smeasure | meanEm | maxEm | meanFm | adpEm | adpFm |
|-----------|------|-------|-----------|-------|----------|--------|-------|--------|-------|-------|
| TE-COD10K | COD  | 0.762 |   0.703   | 0.036 |   0.82   | 0.875  | 0.896 | 0.748  |  0.89 | 0.743 |
|-----------|------|-------|-----------|-------|----------|--------|-------|--------|-------|-------|

Epoch 24:
|-----------|------|-------|-----------|------|----------|--------|-------|--------|-------|-------|
|  Dataset  | Task | maxFm | wFmeasure | MAE  | Smeasure | meanEm | maxEm | meanFm | adpEm | adpFm |
|-----------|------|-------|-----------|------|----------|--------|-------|--------|-------|-------|
| TE-COD10K | COD  | 0.735 |   0.672   | 0.04 |  0.806   | 0.856  | 0.881 | 0.718  | 0.873 |  0.71 |
|-----------|------|-------|-----------|------|----------|--------|-------|--------|-------|-------|

Epoch 25:
|-----------|------|-------|-----------|-------|----------|--------|-------|--------|-------|-------|
|  Dataset  | Task | maxFm | wFmeasure |  MAE  | Smeasure | meanEm | maxEm | meanFm | adpEm | adpFm |
|-----------|------|-------|-----------|-------|----------|--------|-------|--------|-------|-------|
| TE-COD10K | COD  | 0.769 |   0.724   | 0.033 |  0.825   | 0.892  | 0.899 | 0.761  | 0.898 | 0.758 |
|-----------|------|-------|-----------|-------|----------|--------|-------|--------|-------|-------|

Epoch 26:
|-----------|------|-------|-----------|-------|----------|--------|-------|--------|-------|-------|
|  Dataset  | Task | maxFm | wFmeasure |  MAE  | Smeasure | meanEm | maxEm | meanFm | adpEm | adpFm |
|-----------|------|-------|-----------|-------|----------|--------|-------|--------|-------|-------|
| TE-COD10K | COD  | 0.776 |   0.729   | 0.032 |  0.827   | 0.888  | 0.899 | 0.769  | 0.898 | 0.768 |
|-----------|------|-------|-----------|-------|----------|--------|-------|--------|-------|-------|

Epoch 27:
|-----------|------|-------|-----------|-------|----------|--------|-------|--------|-------|-------|
|  Dataset  | Task | maxFm | wFmeasure |  MAE  | Smeasure | meanEm | maxEm | meanFm | adpEm | adpFm |
|-----------|------|-------|-----------|-------|----------|--------|-------|--------|-------|-------|
| TE-COD10K | COD  | 0.776 |   0.732   | 0.032 |  0.829   | 0.891  | 0.899 | 0.767  | 0.898 | 0.763 |
|-----------|------|-------|-----------|-------|----------|--------|-------|--------|-------|-------|

Epoch 28:
|-----------|------|-------|-----------|-------|----------|--------|-------|--------|-------|-------|
|  Dataset  | Task | maxFm | wFmeasure |  MAE  | Smeasure | meanEm | maxEm | meanFm | adpEm | adpFm |
|-----------|------|-------|-----------|-------|----------|--------|-------|--------|-------|-------|
| TE-COD10K | COD  | 0.772 |   0.726   | 0.033 |  0.824   | 0.883  | 0.894 | 0.766  | 0.894 | 0.765 |
|-----------|------|-------|-----------|-------|----------|--------|-------|--------|-------|-------|

Epoch 29:
|-----------|------|-------|-----------|-------|----------|--------|-------|--------|-------|-------|
|  Dataset  | Task | maxFm | wFmeasure |  MAE  | Smeasure | meanEm | maxEm | meanFm | adpEm | adpFm |
|-----------|------|-------|-----------|-------|----------|--------|-------|--------|-------|-------|
| TE-COD10K | COD  | 0.638 |   0.582   | 0.048 |   0.74   | 0.801  | 0.817 | 0.634  | 0.816 | 0.638 |
|-----------|------|-------|-----------|-------|----------|--------|-------|--------|-------|-------|

Epoch 30:
|-----------|------|-------|-----------|-------|----------|--------|-------|--------|-------|-------|
|  Dataset  | Task | maxFm | wFmeasure |  MAE  | Smeasure | meanEm | maxEm | meanFm | adpEm | adpFm |
|-----------|------|-------|-----------|-------|----------|--------|-------|--------|-------|-------|
| TE-COD10K | COD  | 0.741 |   0.692   | 0.036 |  0.805   | 0.864  | 0.874 | 0.735  | 0.874 | 0.735 |
|-----------|------|-------|-----------|-------|----------|--------|-------|--------|-------|-------|

