Epoch 0:
|-----------|------|-------|-----------|-------|----------|--------|-------|--------|-------|-------|
|  Dataset  | Task | maxFm | wFmeasure |  MAE  | Smeasure | meanEm | maxEm | meanFm | adpEm | adpFm |
|-----------|------|-------|-----------|-------|----------|--------|-------|--------|-------|-------|
| TE-COD10K | COD  | 0.741 |   0.668   | 0.037 |  0.808   | 0.855  | 0.894 | 0.716  | 0.872 | 0.693 |
|-----------|------|-------|-----------|-------|----------|--------|-------|--------|-------|-------|

Epoch 1:
|-----------|------|-------|-----------|-------|----------|--------|-------|--------|-------|-------|
|  Dataset  | Task | maxFm | wFmeasure |  MAE  | Smeasure | meanEm | maxEm | meanFm | adpEm | adpFm |
|-----------|------|-------|-----------|-------|----------|--------|-------|--------|-------|-------|
| TE-COD10K | COD  | 0.764 |   0.701   | 0.034 |  0.826   | 0.878  | 0.903 | 0.742  | 0.887 |  0.72 |
|-----------|------|-------|-----------|-------|----------|--------|-------|--------|-------|-------|

Epoch 2:
|-----------|------|-------|-----------|-------|----------|--------|-------|--------|-------|-------|
|  Dataset  | Task | maxFm | wFmeasure |  MAE  | Smeasure | meanEm | maxEm | meanFm | adpEm | adpFm |
|-----------|------|-------|-----------|-------|----------|--------|-------|--------|-------|-------|
| TE-COD10K | COD  | 0.767 |    0.71   | 0.033 |  0.829   | 0.881  | 0.898 | 0.747  | 0.887 | 0.728 |
|-----------|------|-------|-----------|-------|----------|--------|-------|--------|-------|-------|

Epoch 3:
|-----------|------|-------|-----------|-------|----------|--------|-------|--------|-------|-------|
|  Dataset  | Task | maxFm | wFmeasure |  MAE  | Smeasure | meanEm | maxEm | meanFm | adpEm | adpFm |
|-----------|------|-------|-----------|-------|----------|--------|-------|--------|-------|-------|
| TE-COD10K | COD  | 0.454 |   0.361   | 0.107 |  0.644   | 0.668  | 0.731 | 0.418  | 0.643 | 0.406 |
|-----------|------|-------|-----------|-------|----------|--------|-------|--------|-------|-------|

Epoch 4:
|-----------|------|-------|-----------|-------|----------|--------|-------|--------|-------|-------|
|  Dataset  | Task | maxFm | wFmeasure |  MAE  | Smeasure | meanEm | maxEm | meanFm | adpEm | adpFm |
|-----------|------|-------|-----------|-------|----------|--------|-------|--------|-------|-------|
| TE-COD10K | COD  | 0.726 |   0.659   | 0.039 |   0.8    |  0.85  | 0.877 | 0.706  |  0.87 | 0.694 |
|-----------|------|-------|-----------|-------|----------|--------|-------|--------|-------|-------|

Epoch 5:
|-----------|------|-------|-----------|-------|----------|--------|-------|--------|-------|-------|
|  Dataset  | Task | maxFm | wFmeasure |  MAE  | Smeasure | meanEm | maxEm | meanFm | adpEm | adpFm |
|-----------|------|-------|-----------|-------|----------|--------|-------|--------|-------|-------|
| TE-COD10K | COD  | 0.738 |   0.672   | 0.037 |  0.801   | 0.845  | 0.879 | 0.721  |  0.88 | 0.722 |
|-----------|------|-------|-----------|-------|----------|--------|-------|--------|-------|-------|

Epoch 6:
|-----------|------|-------|-----------|-------|----------|--------|-------|--------|-------|-------|
|  Dataset  | Task | maxFm | wFmeasure |  MAE  | Smeasure | meanEm | maxEm | meanFm | adpEm | adpFm |
|-----------|------|-------|-----------|-------|----------|--------|-------|--------|-------|-------|
| TE-COD10K | COD  | 0.737 |    0.68   | 0.036 |  0.809   | 0.857  | 0.876 | 0.722  | 0.874 | 0.709 |
|-----------|------|-------|-----------|-------|----------|--------|-------|--------|-------|-------|

Epoch 7:
|-----------|------|-------|-----------|-------|----------|--------|-------|--------|-------|-------|
|  Dataset  | Task | maxFm | wFmeasure |  MAE  | Smeasure | meanEm | maxEm | meanFm | adpEm | adpFm |
|-----------|------|-------|-----------|-------|----------|--------|-------|--------|-------|-------|
| TE-COD10K | COD  | 0.742 |   0.685   | 0.036 |  0.808   | 0.857  | 0.879 |  0.73  | 0.881 | 0.725 |
|-----------|------|-------|-----------|-------|----------|--------|-------|--------|-------|-------|

Epoch 8:
|-----------|------|-------|-----------|-------|----------|--------|-------|--------|-------|-------|
|  Dataset  | Task | maxFm | wFmeasure |  MAE  | Smeasure | meanEm | maxEm | meanFm | adpEm | adpFm |
|-----------|------|-------|-----------|-------|----------|--------|-------|--------|-------|-------|
| TE-COD10K | COD  |  0.75 |   0.695   | 0.035 |  0.816   |  0.87  | 0.885 | 0.737  | 0.884 | 0.728 |
|-----------|------|-------|-----------|-------|----------|--------|-------|--------|-------|-------|

Epoch 9:
|-----------|------|-------|-----------|-------|----------|--------|-------|--------|-------|-------|
|  Dataset  | Task | maxFm | wFmeasure |  MAE  | Smeasure | meanEm | maxEm | meanFm | adpEm | adpFm |
|-----------|------|-------|-----------|-------|----------|--------|-------|--------|-------|-------|
| TE-COD10K | COD  | 0.564 |   0.494   | 0.063 |  0.702   | 0.762  | 0.792 |  0.55  | 0.793 | 0.549 |
|-----------|------|-------|-----------|-------|----------|--------|-------|--------|-------|-------|

Epoch 10:
|-----------|------|-------|-----------|------|----------|--------|-------|--------|-------|-------|
|  Dataset  | Task | maxFm | wFmeasure | MAE  | Smeasure | meanEm | maxEm | meanFm | adpEm | adpFm |
|-----------|------|-------|-----------|------|----------|--------|-------|--------|-------|-------|
| TE-COD10K | COD  | 0.721 |   0.658   | 0.04 |  0.794   | 0.844  |  0.87 | 0.706  | 0.871 | 0.705 |
|-----------|------|-------|-----------|------|----------|--------|-------|--------|-------|-------|

Epoch 11:
|-----------|------|-------|-----------|-------|----------|--------|-------|--------|-------|-------|
|  Dataset  | Task | maxFm | wFmeasure |  MAE  | Smeasure | meanEm | maxEm | meanFm | adpEm | adpFm |
|-----------|------|-------|-----------|-------|----------|--------|-------|--------|-------|-------|
| TE-COD10K | COD  |  0.73 |   0.675   | 0.038 |  0.803   | 0.858  | 0.873 | 0.718  | 0.872 | 0.711 |
|-----------|------|-------|-----------|-------|----------|--------|-------|--------|-------|-------|

Epoch 12:
|-----------|------|-------|-----------|-------|----------|--------|-------|--------|-------|-------|
|  Dataset  | Task | maxFm | wFmeasure |  MAE  | Smeasure | meanEm | maxEm | meanFm | adpEm | adpFm |
|-----------|------|-------|-----------|-------|----------|--------|-------|--------|-------|-------|
| TE-COD10K | COD  | 0.731 |   0.677   | 0.038 |  0.804   | 0.855  | 0.872 |  0.72  | 0.874 | 0.715 |
|-----------|------|-------|-----------|-------|----------|--------|-------|--------|-------|-------|

Epoch 13:
|-----------|------|-------|-----------|-------|----------|--------|-------|--------|-------|-------|
|  Dataset  | Task | maxFm | wFmeasure |  MAE  | Smeasure | meanEm | maxEm | meanFm | adpEm | adpFm |
|-----------|------|-------|-----------|-------|----------|--------|-------|--------|-------|-------|
| TE-COD10K | COD  | 0.734 |   0.679   | 0.038 |  0.806   | 0.863  | 0.878 | 0.722  | 0.878 | 0.715 |
|-----------|------|-------|-----------|-------|----------|--------|-------|--------|-------|-------|

Epoch 14:
|-----------|------|-------|-----------|-------|----------|--------|-------|--------|-------|-------|
|  Dataset  | Task | maxFm | wFmeasure |  MAE  | Smeasure | meanEm | maxEm | meanFm | adpEm | adpFm |
|-----------|------|-------|-----------|-------|----------|--------|-------|--------|-------|-------|
| TE-COD10K | COD  | 0.604 |   0.539   | 0.062 |   0.73   | 0.784  | 0.794 | 0.589  | 0.789 | 0.582 |
|-----------|------|-------|-----------|-------|----------|--------|-------|--------|-------|-------|

Epoch 15:
|-----------|------|-------|-----------|-------|----------|--------|-------|--------|-------|-------|
|  Dataset  | Task | maxFm | wFmeasure |  MAE  | Smeasure | meanEm | maxEm | meanFm | adpEm | adpFm |
|-----------|------|-------|-----------|-------|----------|--------|-------|--------|-------|-------|
| TE-COD10K | COD  | 0.704 |   0.635   | 0.045 |  0.791   | 0.843  | 0.858 | 0.683  |  0.84 | 0.665 |
|-----------|------|-------|-----------|-------|----------|--------|-------|--------|-------|-------|

Epoch 16:
|-----------|------|-------|-----------|-------|----------|--------|-------|--------|-------|-------|
|  Dataset  | Task | maxFm | wFmeasure |  MAE  | Smeasure | meanEm | maxEm | meanFm | adpEm | adpFm |
|-----------|------|-------|-----------|-------|----------|--------|-------|--------|-------|-------|
| TE-COD10K | COD  | 0.718 |   0.656   | 0.043 |  0.797   |  0.85  | 0.864 | 0.702  | 0.858 | 0.691 |
|-----------|------|-------|-----------|-------|----------|--------|-------|--------|-------|-------|

Epoch 17:
|-----------|------|-------|-----------|-------|----------|--------|-------|--------|-------|-------|
|  Dataset  | Task | maxFm | wFmeasure |  MAE  | Smeasure | meanEm | maxEm | meanFm | adpEm | adpFm |
|-----------|------|-------|-----------|-------|----------|--------|-------|--------|-------|-------|
| TE-COD10K | COD  | 0.721 |   0.661   | 0.041 |   0.8    | 0.853  |  0.87 | 0.707  | 0.862 | 0.696 |
|-----------|------|-------|-----------|-------|----------|--------|-------|--------|-------|-------|

Epoch 18:
|-----------|------|-------|-----------|-------|----------|--------|-------|--------|-------|-------|
|  Dataset  | Task | maxFm | wFmeasure |  MAE  | Smeasure | meanEm | maxEm | meanFm | adpEm | adpFm |
|-----------|------|-------|-----------|-------|----------|--------|-------|--------|-------|-------|
| TE-COD10K | COD  |  0.72 |   0.657   | 0.044 |  0.799   | 0.851  | 0.865 | 0.702  | 0.857 | 0.689 |
|-----------|------|-------|-----------|-------|----------|--------|-------|--------|-------|-------|

Epoch 19:
|-----------|------|-------|-----------|-------|----------|--------|-------|--------|-------|-------|
|  Dataset  | Task | maxFm | wFmeasure |  MAE  | Smeasure | meanEm | maxEm | meanFm | adpEm | adpFm |
|-----------|------|-------|-----------|-------|----------|--------|-------|--------|-------|-------|
| TE-COD10K | COD  | 0.721 |   0.658   | 0.042 |  0.802   | 0.856  | 0.873 | 0.702  | 0.856 | 0.684 |
|-----------|------|-------|-----------|-------|----------|--------|-------|--------|-------|-------|

Epoch 20:
|-----------|------|-------|-----------|-------|----------|--------|-------|--------|-------|-------|
|  Dataset  | Task | maxFm | wFmeasure |  MAE  | Smeasure | meanEm | maxEm | meanFm | adpEm | adpFm |
|-----------|------|-------|-----------|-------|----------|--------|-------|--------|-------|-------|
| TE-COD10K | COD  | 0.722 |   0.656   | 0.043 |  0.803   | 0.853  | 0.867 | 0.699  | 0.843 | 0.675 |
|-----------|------|-------|-----------|-------|----------|--------|-------|--------|-------|-------|

Epoch 21:
|-----------|------|-------|-----------|------|----------|--------|-------|--------|-------|-------|
|  Dataset  | Task | maxFm | wFmeasure | MAE  | Smeasure | meanEm | maxEm | meanFm | adpEm | adpFm |
|-----------|------|-------|-----------|------|----------|--------|-------|--------|-------|-------|
| TE-COD10K | COD  | 0.725 |   0.669   | 0.04 |  0.805   | 0.855  | 0.869 | 0.712  | 0.867 | 0.705 |
|-----------|------|-------|-----------|------|----------|--------|-------|--------|-------|-------|

Epoch 22:
|-----------|------|-------|-----------|-------|----------|--------|-------|--------|-------|-------|
|  Dataset  | Task | maxFm | wFmeasure |  MAE  | Smeasure | meanEm | maxEm | meanFm | adpEm | adpFm |
|-----------|------|-------|-----------|-------|----------|--------|-------|--------|-------|-------|
| TE-COD10K | COD  | 0.734 |   0.676   | 0.041 |   0.81   | 0.865  | 0.876 | 0.715  | 0.864 | 0.698 |
|-----------|------|-------|-----------|-------|----------|--------|-------|--------|-------|-------|

Epoch 23:
|-----------|------|-------|-----------|-------|----------|--------|-------|--------|-------|-------|
|  Dataset  | Task | maxFm | wFmeasure |  MAE  | Smeasure | meanEm | maxEm | meanFm | adpEm | adpFm |
|-----------|------|-------|-----------|-------|----------|--------|-------|--------|-------|-------|
| TE-COD10K | COD  | 0.727 |    0.67   | 0.041 |  0.806   |  0.86  | 0.872 | 0.712  | 0.863 | 0.698 |
|-----------|------|-------|-----------|-------|----------|--------|-------|--------|-------|-------|

Epoch 24:
|-----------|------|-------|-----------|-------|----------|--------|-------|--------|-------|-------|
|  Dataset  | Task | maxFm | wFmeasure |  MAE  | Smeasure | meanEm | maxEm | meanFm | adpEm | adpFm |
|-----------|------|-------|-----------|-------|----------|--------|-------|--------|-------|-------|
| TE-COD10K | COD  | 0.737 |    0.68   | 0.039 |  0.811   | 0.867  | 0.879 | 0.722  | 0.868 | 0.709 |
|-----------|------|-------|-----------|-------|----------|--------|-------|--------|-------|-------|

Epoch 25:
|-----------|------|-------|-----------|-------|----------|--------|-------|--------|-------|-------|
|  Dataset  | Task | maxFm | wFmeasure |  MAE  | Smeasure | meanEm | maxEm | meanFm | adpEm | adpFm |
|-----------|------|-------|-----------|-------|----------|--------|-------|--------|-------|-------|
| TE-COD10K | COD  | 0.739 |   0.692   | 0.038 |   0.81   | 0.873  | 0.879 | 0.729  | 0.877 | 0.724 |
|-----------|------|-------|-----------|-------|----------|--------|-------|--------|-------|-------|

Epoch 26:
|-----------|------|-------|-----------|-------|----------|--------|-------|--------|-------|-------|
|  Dataset  | Task | maxFm | wFmeasure |  MAE  | Smeasure | meanEm | maxEm | meanFm | adpEm | adpFm |
|-----------|------|-------|-----------|-------|----------|--------|-------|--------|-------|-------|
| TE-COD10K | COD  | 0.736 |   0.689   | 0.039 |  0.807   |  0.87  | 0.876 | 0.728  | 0.876 | 0.725 |
|-----------|------|-------|-----------|-------|----------|--------|-------|--------|-------|-------|

Epoch 27:
|-----------|------|-------|-----------|------|----------|--------|-------|--------|-------|-------|
|  Dataset  | Task | maxFm | wFmeasure | MAE  | Smeasure | meanEm | maxEm | meanFm | adpEm | adpFm |
|-----------|------|-------|-----------|------|----------|--------|-------|--------|-------|-------|
| TE-COD10K | COD  | 0.735 |    0.69   | 0.04 |  0.808   | 0.868  | 0.874 | 0.726  | 0.874 | 0.723 |
|-----------|------|-------|-----------|------|----------|--------|-------|--------|-------|-------|

Epoch 28:
|-----------|------|-------|-----------|-------|----------|--------|-------|--------|-------|-------|
|  Dataset  | Task | maxFm | wFmeasure |  MAE  | Smeasure | meanEm | maxEm | meanFm | adpEm | adpFm |
|-----------|------|-------|-----------|-------|----------|--------|-------|--------|-------|-------|
| TE-COD10K | COD  | 0.735 |   0.691   | 0.039 |  0.808   |  0.87  | 0.876 | 0.728  | 0.876 | 0.726 |
|-----------|------|-------|-----------|-------|----------|--------|-------|--------|-------|-------|

Epoch 29:
|-----------|------|-------|-----------|-------|----------|--------|-------|--------|-------|-------|
|  Dataset  | Task | maxFm | wFmeasure |  MAE  | Smeasure | meanEm | maxEm | meanFm | adpEm | adpFm |
|-----------|------|-------|-----------|-------|----------|--------|-------|--------|-------|-------|
| TE-COD10K | COD  | 0.716 |   0.674   | 0.043 |   0.8    | 0.859  | 0.864 | 0.709  | 0.863 | 0.705 |
|-----------|------|-------|-----------|-------|----------|--------|-------|--------|-------|-------|

Epoch 30:
|-----------|------|-------|-----------|------|----------|--------|-------|--------|-------|-------|
|  Dataset  | Task | maxFm | wFmeasure | MAE  | Smeasure | meanEm | maxEm | meanFm | adpEm | adpFm |
|-----------|------|-------|-----------|------|----------|--------|-------|--------|-------|-------|
| TE-COD10K | COD  | 0.728 |   0.686   | 0.04 |  0.804   | 0.866  | 0.872 | 0.723  | 0.873 | 0.722 |
|-----------|------|-------|-----------|------|----------|--------|-------|--------|-------|-------|

